<?xml version="1.0" encoding="UTF-8"?>
<testsuite xmlns:xsi="http://www.w3.org/2001/XMLSchema-instance" xsi:noNamespaceSchemaLocation="https://maven.apache.org/surefire/maven-surefire-plugin/xsd/surefire-test-report.xsd" name="com.Java.application.service.ProductServiceTest" time="0.033" tests="3" errors="0" skipped="0" failures="0">
  <properties>
[...]
</properties>
  <testcase name="testCreateProduct" classname="com.Java.application.service.ProductServiceTest" time="0.021"/>
  <testcase name="testGetProductById" classname="com.Java.application.service.ProductServiceTest" time="0.003"/>
  <testcase name="testGetAllProducts" classname="com.Java.application.service.ProductServiceTest" time="0.001"/>
</testsuite>