<?xml version="1.0" encoding="UTF-8"?>
<testsuite xmlns:xsi="http://www.w3.org/2001/XMLSchema-instance" xsi:noNamespaceSchemaLocation="https://maven.apache.org/surefire/maven-surefire-plugin/xsd/surefire-test-report.xsd" version="3.0.2" name="com.cats.cosmo_cats.CosmoCatServiceTest" time="1.045" tests="2" errors="0" skipped="0" failures="0">
  <properties>
[...]
</properties>
  <testcase name="testGetCosmoCats_WhenFeatureEnabled" classname="com.cats.cosmo_cats.CosmoCatServiceTest" time="0.993"/>
  <testcase name="testGetCosmoCats_WhenFeatureDisabled" classname="com.cats.cosmo_cats.CosmoCatServiceTest" time="0.013"/>
</testsuite>